<?xml version="1.0" encoding="UTF-8"?>
<!-- Generated by org.testng.reporters.JUnitReportReporter -->
<testsuite hostname="IN3TADW08BD3GL3" failures="0" tests="1" name="APITests" time="2.548" errors="0" timestamp="2023-09-26T18:20:48 IST" skipped="0">
  <testcase classname="APITests" name="LoginPost" time="2.548"/>
  <system-out/>
</testsuite> <!-- APITests -->
