<?xml version="1.0" encoding="UTF-8"?>
<!-- Generated by org.testng.reporters.JUnitReportReporter -->
<testsuite hostname="IN3TADW08BD3GL3" failures="0" tests="1" name="APITests" time="1.980" errors="0" timestamp="2023-09-26T21:07:55 IST" skipped="0">
  <testcase classname="APITests" name="testPostRequestWithSchema" time="1.980"/>
  <system-out/>
</testsuite> <!-- APITests -->
